<?xml version="1.0" encoding="UTF-8"?>
<testng-results ignored="0" total="1" passed="0" failed="1" skipped="0">
  <reporter-output>
  </reporter-output>
  <suite started-at="2024-11-11T12:03:41 IST" name="Cucumber Test Suite" finished-at="2024-11-11T12:04:55 IST" duration-ms="74659">
    <groups>
      <group name="cucumber">
        <method signature="AbstractTestNGCucumberTests.runScenario(io.cucumber.testng.PickleWrapper,io.cucumber.testng.FeatureWrapper)[pri:0, instance:runners.TestNGRunner@20b2475a]" name="runScenario" class="io.cucumber.testng.AbstractTestNGCucumberTests"/>
      </group> <!-- cucumber -->
    </groups>
    <test started-at="2024-11-11T12:03:41 IST" name="Cucumber Tests" finished-at="2024-11-11T12:04:55 IST" duration-ms="74659">
      <class name="runners.TestNGRunner">
        <test-method is-config="true" signature="setUpClass(org.testng.ITestContext)[pri:0, instance:runners.TestNGRunner@20b2475a]" started-at="2024-11-11T12:03:41 IST" name="setUpClass" finished-at="2024-11-11T12:03:41 IST" duration-ms="398" status="PASS">
          <params>
            <param index="0">
              <value>
                <![CDATA[org.testng.TestRunner@4e375bba]]>
              </value>
            </param>
          </params>
          <reporter-output>
          </reporter-output>
        </test-method> <!-- setUpClass -->
        <test-method signature="runScenario(io.cucumber.testng.PickleWrapper,io.cucumber.testng.FeatureWrapper)[pri:0, instance:runners.TestNGRunner@20b2475a]" started-at="2024-11-11T12:03:41 IST" name="runScenario" description="Runs Cucumber Scenarios" data-provider="scenarios" finished-at="2024-11-11T12:04:55 IST" duration-ms="74195" status="FAIL">
          <params>
            <param index="0">
              <value>
                <![CDATA["Open vision app and click on the login button"]]>
              </value>
            </param>
            <param index="1">
              <value>
                <![CDATA["Login functionality"]]>
              </value>
            </param>
          </params>
          <exception class="java.lang.IllegalArgumentException">
            <message>
              <![CDATA[Input must be set]]>
            </message>
            <full-stacktrace>
              <![CDATA[java.lang.IllegalArgumentException: Input must be set
at org.openqa.selenium.internal.Require.nonNull(Require.java:59)
at org.openqa.selenium.support.ui.FluentWait.<init>(FluentWait.java:97)
at org.openqa.selenium.support.ui.WebDriverWait.<init>(WebDriverWait.java:77)
at org.openqa.selenium.support.ui.WebDriverWait.<init>(WebDriverWait.java:46)
at org.basepackage.VisionBase.waitForElementClickability(VisionBase.java:126)
at org.pageclasspackage.LoginPage.clickOnNextLiveClassroom(LoginPage.java:58)
at stepDefinitions.Login.iLaunchTheApp(Login.java:28)
at ✽.I launch the app(file:///E:/Eclipse/FlutterVisionApp/src/test/resources/features/signup.feature:4)
]]>
            </full-stacktrace>
          </exception> <!-- java.lang.IllegalArgumentException -->
          <reporter-output>
          </reporter-output>
        </test-method> <!-- runScenario -->
        <test-method is-config="true" signature="tearDownClass()[pri:0, instance:runners.TestNGRunner@20b2475a]" started-at="2024-11-11T12:04:55 IST" name="tearDownClass" finished-at="2024-11-11T12:04:55 IST" duration-ms="29" status="PASS">
          <reporter-output>
          </reporter-output>
        </test-method> <!-- tearDownClass -->
      </class> <!-- runners.TestNGRunner -->
    </test> <!-- Cucumber Tests -->
  </suite> <!-- Cucumber Test Suite -->
</testng-results>
