<?xml version="1.0" encoding="UTF-8"?>
<!-- Generated by org.testng.reporters.JUnitReportReporter -->
<testsuite hostname="MSI" failures="0" tests="1" name="runners.TestNGRunner" time="27.260" errors="1" timestamp="2024-11-10T08:32:43 IST" skipped="0">
  <testcase classname="runners.TestNGRunner" name="runScenario" time="27.260">
    <error message="Input must be set" type="java.lang.IllegalArgumentException">
      <![CDATA[java.lang.IllegalArgumentException: Input must be set
at org.openqa.selenium.internal.Require.nonNull(Require.java:59)
at org.openqa.selenium.support.ui.FluentWait.<init>(FluentWait.java:97)
at org.openqa.selenium.support.ui.WebDriverWait.<init>(WebDriverWait.java:77)
at org.openqa.selenium.support.ui.WebDriverWait.<init>(WebDriverWait.java:46)
at org.basepackage.VisionBase.waitForElementClickability(VisionBase.java:126)
at org.pageclasspackage.LoginPage.clickOnNextLiveClassroom(LoginPage.java:58)
at stepDefinitions.Login.iLaunchTheApp(Login.java:28)
at ✽.I launch the app(file:///E:/Eclipse/FlutterVisionApp/src/test/resources/features/signup.feature:4)
]]>
    </error>
  </testcase> <!-- runScenario -->
</testsuite> <!-- runners.TestNGRunner -->
