<?xml version="1.0" encoding="UTF-8"?>
<!-- Generated by org.testng.reporters.JUnitXMLReporter -->
<testsuite ignored="0" hostname="MSI" failures="1" tests="1" name="Cucumber Tests" time="27.631" errors="0" timestamp="2024-11-10T08:32:42 IST">
  <testcase classname="io.cucumber.testng.AbstractTestNGCucumberTests" name="runScenario" time="27.26">
    <failure type="java.lang.IllegalArgumentException" message="Input must be set">
      <![CDATA[java.lang.IllegalArgumentException: Input must be set
at org.openqa.selenium.internal.Require.nonNull(Require.java:59)
at org.openqa.selenium.support.ui.FluentWait.<init>(FluentWait.java:97)
at org.openqa.selenium.support.ui.WebDriverWait.<init>(WebDriverWait.java:77)
at org.openqa.selenium.support.ui.WebDriverWait.<init>(WebDriverWait.java:46)
at org.basepackage.VisionBase.waitForElementClickability(VisionBase.java:126)
at org.pageclasspackage.LoginPage.clickOnNextLiveClassroom(LoginPage.java:58)
at stepDefinitions.Login.iLaunchTheApp(Login.java:28)
at ✽.I launch the app(file:///E:/Eclipse/FlutterVisionApp/src/test/resources/features/signup.feature:4)
]]>
    </failure>
  </testcase> <!-- runScenario -->
</testsuite> <!-- Cucumber Tests -->
