<?xml version="1.0" encoding="UTF-8"?>
<!-- Generated by org.testng.reporters.JUnitXMLReporter -->
<testsuite ignored="0" hostname="MSI" failures="1" tests="1" name="Cucumber Tests" time="31.382" errors="0" timestamp="2024-11-05T17:46:39 IST">
  <testcase classname="io.cucumber.testng.AbstractTestNGCucumberTests" name="runScenario" time="30.444">
    <failure type="java.lang.NullPointerException">
      <![CDATA[java.lang.NullPointerException
at org.openqa.selenium.support.pagefactory.DefaultElementLocator.findElement(DefaultElementLocator.java:70)
at org.openqa.selenium.support.pagefactory.internal.LocatingElementHandler.invoke(LocatingElementHandler.java:39)
at com.sun.proxy.$Proxy29.click(Unknown Source)
at org.pageclasspackage.LoginPage.clickOnNextLiveClassroom(LoginPage.java:73)
at stepDefinitions.Login.iLaunchTheApp(Login.java:24)
at ✽.I launch the app(file:///E:/Eclipse/FlutterVisionApp/src/test/resources/features/signup.feature:4)
]]>
    </failure>
  </testcase> <!-- runScenario -->
</testsuite> <!-- Cucumber Tests -->
